<?xml version="1.0" encoding="UTF-8"?>
<testsuite name="com.example.test.contract.CCDContractTests" tests="3" skipped="0" failures="0" errors="0" timestamp="2020-04-22T14:24:28" hostname="GARRYs-I9-MBP" time="0.617">
  <properties/>
  <testcase name="transactionSucceedsWithValidQuality" classname="com.example.test.contract.CCDContractTests" time="0.429"/>
  <testcase name="transactionIsValid" classname="com.example.test.contract.CCDContractTests" time="0.111"/>
  <testcase name="transactionFailsWithNoAddress" classname="com.example.test.contract.CCDContractTests" time="0.076"/>
  <system-out><![CDATA[?[37m[INFO] 15:24:26,721 [Test worker] cordapp.JarScanningCordappLoader. - Loading CorDapps from RestrictedURL(url=file:/Users/garryjackson/Documents/GitHub/quickstart/cordapp-example/workflows-java/build/generated-custom-cordapps/20200422-142426.322/custom-cordapp_1_6_84fee317-b230-4c06-a50f-f064210c38e4.jar, rootPackageName=null), RestrictedURL(url=file:/Users/garryjackson/Documents/GitHub/quickstart/cordapp-example/workflows-java/build/generated-custom-cordapps/20200422-142426.322/custom-cordapp_1_6_295ef504-14bf-4b32-8b51-ef8859935ec6.jar, rootPackageName=null)
?[m?[37m[INFO] 15:24:26,794 [Test worker] cordapp.JarScanningCordappLoader. - Scanning CorDapp in file:/Users/garryjackson/Documents/GitHub/quickstart/cordapp-example/workflows-java/build/generated-custom-cordapps/20200422-142426.322/custom-cordapp_1_6_84fee317-b230-4c06-a50f-f064210c38e4.jar
?[m?[37m[INFO] 15:24:26,890 [Test worker] cordapp.JarScanningCordappLoader. - Scanning CorDapp in file:/Users/garryjackson/Documents/GitHub/quickstart/cordapp-example/workflows-java/build/generated-custom-cordapps/20200422-142426.322/custom-cordapp_1_6_295ef504-14bf-4b32-8b51-ef8859935ec6.jar
?[m?[37m[INFO] 15:24:27,010 [Test worker] ClassloaderUtils. - Contracts loading for '/var/folders/xl/0rqzrwrj7xd5kw16ht5q_44m0000gn/T/attachment1916553437194161100.jar' took 93 msec
?[m]]></system-out>
  <system-err><![CDATA[]]></system-err>
</testsuite>
